Thu, 19 Jan 2023 06:40:27 GMT --> GET /prs 404 3.558 ms
Thu, 19 Jan 2023 06:53:02 GMT --> GET /prs 404 3.473 ms
Thu, 19 Jan 2023 06:54:17 GMT --> GET /prs 404 3.470 ms
Thu, 19 Jan 2023 06:59:31 GMT --> GET /prs - - ms
Thu, 19 Jan 2023 07:00:52 GMT --> GET /prs 200 205.828 ms
Thu, 19 Jan 2023 07:07:00 GMT --> GET /prs 200 142.452 ms
Thu, 19 Jan 2023 07:09:53 GMT --> GET /prs 200 140.314 ms
Thu, 19 Jan 2023 07:18:01 GMT --> POST /prs 200 169.196 ms
Thu, 19 Jan 2023 07:23:46 GMT --> POST /prs 200 16466.343 ms
Thu, 19 Jan 2023 07:26:49 GMT --> POST /prs 200 140.545 ms
Thu, 19 Jan 2023 07:32:36 GMT --> POST /prs 200 138.033 ms
Thu, 19 Jan 2023 08:00:56 GMT --> DELETE /prs/63c8f214ee9f0ba60e261f1e 200 132.528 ms
Thu, 19 Jan 2023 08:02:41 GMT --> POST /prs 200 153.831 ms
Thu, 19 Jan 2023 08:07:20 GMT --> PUT /prs/63c8f92045bb76a82e155a0c 200 142.434 ms
Thu, 19 Jan 2023 08:07:29 GMT --> GET /prs 200 129.149 ms
Thu, 19 Jan 2023 09:34:39 GMT --> POST /prs 200 150.840 ms
Thu, 19 Jan 2023 09:35:50 GMT --> POST /prs 500 23.630 ms
Thu, 19 Jan 2023 09:36:32 GMT --> GET /prs 200 128.679 ms
Thu, 19 Jan 2023 09:37:51 GMT --> PUT /prs/63c8f92045bb76a82e155a0c 200 139.305 ms
Thu, 19 Jan 2023 11:03:33 GMT --> POST /prs 500 11.330 ms
Thu, 19 Jan 2023 11:05:02 GMT --> POST /prs 200 4.747 ms
Thu, 19 Jan 2023 11:18:19 GMT --> POST /prs 200 121.599 ms
Thu, 19 Jan 2023 11:20:21 GMT --> POST /prs 200 121.023 ms
Thu, 19 Jan 2023 11:21:55 GMT --> POST /prs 200 120.313 ms
Thu, 19 Jan 2023 11:24:31 GMT --> POST /prs 200 256.996 ms
Thu, 19 Jan 2023 11:31:36 GMT --> POST /prs 200 247.017 ms
Thu, 19 Jan 2023 11:33:35 GMT --> POST /prs 200 339.059 ms
Thu, 19 Jan 2023 11:35:19 GMT --> POST /prs 200 262.952 ms
Thu, 19 Jan 2023 11:42:53 GMT --> POST /prs 200 254.195 ms
Thu, 19 Jan 2023 18:43:04 GMT --> GET /prs 200 155.859 ms
Thu, 19 Jan 2023 18:44:24 GMT --> PUT /prs/63c8ec6ea88ba30adce4c0cc 200 209.070 ms
Thu, 19 Jan 2023 18:44:50 GMT --> DELETE /prs/63c8ec6ea88ba30adce4c0cc 200 138.430 ms
Thu, 19 Jan 2023 18:44:55 GMT --> GET /prs 200 133.198 ms
Thu, 19 Jan 2023 18:45:09 GMT --> DELETE /prs/63c8f92045bb76a82e155a0c 200 143.060 ms
Thu, 19 Jan 2023 18:45:24 GMT --> DELETE /prs/63c8f92045bb76a82e155a0c 500 142.416 ms
Thu, 19 Jan 2023 18:45:31 GMT --> GET /prs 200 133.465 ms
Thu, 19 Jan 2023 18:45:39 GMT --> DELETE /prs/63c92a18bf5b65d125403a64 200 136.628 ms
Thu, 19 Jan 2023 18:45:45 GMT --> GET /prs 200 133.401 ms
Thu, 19 Jan 2023 18:46:00 GMT --> DELETE /prs/:pr_id 500 26.959 ms
Thu, 19 Jan 2023 18:46:07 GMT --> DELETE /prs/63c92a8ed83d88c5374e925a 200 117.177 ms
Thu, 19 Jan 2023 18:46:10 GMT --> GET /prs 200 112.086 ms
Thu, 19 Jan 2023 18:46:19 GMT --> DELETE /prs/63c92af721930df6a7030648 200 117.241 ms
Thu, 19 Jan 2023 18:46:21 GMT --> GET /prs 200 112.315 ms
Thu, 19 Jan 2023 18:46:29 GMT --> DELETE /prs/63c92cbdd1d7f6c3e4709599 200 118.592 ms
Thu, 19 Jan 2023 18:46:32 GMT --> GET /prs 200 111.756 ms
Thu, 19 Jan 2023 18:47:05 GMT --> POST /prs 200 238.661 ms
Thu, 19 Jan 2023 18:47:12 GMT --> GET /prs 200 112.113 ms
Thu, 19 Jan 2023 18:49:37 GMT --> POST /prs 200 229.257 ms
Thu, 19 Jan 2023 18:50:07 GMT --> POST /prs 200 229.543 ms
Thu, 19 Jan 2023 18:50:27 GMT --> POST /prs 200 230.971 ms
Thu, 19 Jan 2023 18:50:31 GMT --> GET /prs 200 113.103 ms
Thu, 19 Jan 2023 20:17:10 GMT --> GET /prs 200 126.799 ms
Thu, 19 Jan 2023 20:18:02 GMT --> PUT /prs/63c8ec6ea88ba30adce4c0cc 500 136.599 ms
Thu, 19 Jan 2023 20:18:09 GMT --> GET /prs 200 120.985 ms
Thu, 19 Jan 2023 20:18:31 GMT --> PUT /prs/63c990f34e1dc01249000483 200 118.242 ms
Thu, 19 Jan 2023 20:18:53 GMT --> DELETE /prs/63c990f34e1dc01249000483 200 122.468 ms
Thu, 19 Jan 2023 20:19:02 GMT --> GET /prs 200 114.116 ms
Thu, 19 Jan 2023 20:41:05 GMT --> POST /prs 200 261.576 ms
Thu, 19 Jan 2023 20:41:41 GMT --> DELETE /prs/63c9aae1e897d27966740553 200 120.137 ms
Thu, 19 Jan 2023 20:42:19 GMT --> POST /prs 200 249.302 ms
Thu, 19 Jan 2023 20:42:56 GMT --> DELETE /prs/63c9ab2b8eec1fedb866c468 200 123.080 ms
Thu, 19 Jan 2023 20:43:38 GMT --> POST /prs 500 125.337 ms
Thu, 19 Jan 2023 20:43:46 GMT --> POST /prs 500 116.232 ms
Thu, 19 Jan 2023 20:43:52 GMT --> POST /prs 200 234.118 ms
Thu, 19 Jan 2023 20:44:09 GMT --> DELETE /prs/63c9ab888eec1fedb866c470 200 124.336 ms
Thu, 19 Jan 2023 20:44:49 GMT --> POST /prs 500 128.251 ms
Thu, 19 Jan 2023 20:45:14 GMT --> POST /prs 200 232.739 ms
Thu, 19 Jan 2023 20:45:48 GMT --> DELETE /prs/63c9abda8eec1fedb866c476 200 117.181 ms
Thu, 19 Jan 2023 20:47:11 GMT --> POST /prs 200 248.667 ms
Thu, 19 Jan 2023 20:47:24 GMT --> DELETE /prs/63c9ac4ff9ee80837ae3465a 200 121.117 ms
Fri, 20 Jan 2023 15:17:27 GMT --> GET /ws 404 2.617 ms
Fri, 20 Jan 2023 15:23:33 GMT --> GET / 404 1.907 ms
Fri, 20 Jan 2023 15:24:48 GMT --> GET /prs 200 150.535 ms
Fri, 20 Jan 2023 15:25:21 GMT --> GET /prs 200 113.768 ms
Fri, 20 Jan 2023 15:25:32 GMT --> GET /prs 200 115.613 ms
Fri, 20 Jan 2023 15:26:17 GMT --> GET / 404 0.295 ms
Fri, 20 Jan 2023 15:27:15 GMT --> GET / 404 0.267 ms
Fri, 20 Jan 2023 15:27:18 GMT --> GET / 404 0.368 ms
Fri, 20 Jan 2023 15:28:57 GMT --> GET / 404 1.730 ms
Fri, 20 Jan 2023 15:38:20 GMT --> GET / 404 0.799 ms
Fri, 20 Jan 2023 15:40:46 GMT --> GET / 404 0.284 ms
Fri, 20 Jan 2023 15:48:10 GMT --> GET / 404 3.595 ms
Fri, 20 Jan 2023 15:50:43 GMT --> GET / 404 1.612 ms
Fri, 20 Jan 2023 15:51:04 GMT --> GET /prs 200 133.266 ms
Fri, 20 Jan 2023 15:51:45 GMT --> GET / 404 0.286 ms
Fri, 20 Jan 2023 15:59:45 GMT --> GET / 404 0.329 ms
Fri, 20 Jan 2023 16:04:25 GMT --> GET / 404 0.467 ms
Fri, 20 Jan 2023 16:06:27 GMT --> GET /prs 200 125.830 ms
Fri, 20 Jan 2023 16:06:28 GMT --> GET /prs 304 114.778 ms
Fri, 20 Jan 2023 16:07:28 GMT --> GET /prs 304 112.928 ms
Fri, 20 Jan 2023 20:39:32 GMT --> GET /prs 304 877.901 ms
Fri, 20 Jan 2023 20:39:32 GMT --> GET /prs 304 115.309 ms
Fri, 20 Jan 2023 20:40:05 GMT --> GET /prs 304 430.889 ms
Fri, 20 Jan 2023 20:46:21 GMT --> GET /prs 304 131.004 ms
Fri, 20 Jan 2023 20:46:21 GMT --> GET /prs 304 114.951 ms
Fri, 20 Jan 2023 20:46:23 GMT --> GET /prs 304 115.456 ms
Fri, 20 Jan 2023 20:46:24 GMT --> GET /prs 304 113.747 ms
Fri, 20 Jan 2023 20:47:21 GMT --> GET /prs 304 115.458 ms
Fri, 20 Jan 2023 20:47:24 GMT --> GET /prs 304 113.157 ms
Fri, 20 Jan 2023 20:47:24 GMT --> GET /prs 304 113.318 ms
Fri, 20 Jan 2023 20:47:30 GMT --> GET /prs 304 114.930 ms
Fri, 20 Jan 2023 20:47:33 GMT --> GET /prs 304 114.980 ms
Fri, 20 Jan 2023 20:47:33 GMT --> GET /prs 304 113.838 ms
Fri, 20 Jan 2023 20:51:32 GMT --> GET /prs 304 113.045 ms
Fri, 20 Jan 2023 20:51:32 GMT --> GET /prs 304 122.085 ms
Fri, 20 Jan 2023 20:51:36 GMT --> GET /prs 304 111.984 ms
Fri, 20 Jan 2023 20:51:39 GMT --> GET /prs 304 112.215 ms
Fri, 20 Jan 2023 20:52:22 GMT --> GET /prs 304 112.034 ms
Fri, 20 Jan 2023 20:52:26 GMT --> GET /prs 304 113.007 ms
Fri, 20 Jan 2023 20:52:26 GMT --> GET /prs 304 112.375 ms
Fri, 20 Jan 2023 20:53:01 GMT --> GET /prs 304 112.528 ms
Fri, 20 Jan 2023 20:53:17 GMT --> GET /prs 304 113.177 ms
Fri, 20 Jan 2023 20:54:22 GMT --> GET /prs 304 112.541 ms
Fri, 20 Jan 2023 20:54:48 GMT --> GET /prs 304 111.703 ms
Fri, 20 Jan 2023 20:55:12 GMT --> GET /prs 304 112.137 ms
Fri, 20 Jan 2023 20:55:18 GMT --> GET /prs 304 114.335 ms
Fri, 20 Jan 2023 20:57:12 GMT --> GET /prs 304 147.506 ms
Fri, 20 Jan 2023 20:57:52 GMT --> GET /prs 304 116.777 ms
Fri, 20 Jan 2023 20:58:00 GMT --> GET /prs 304 116.533 ms
Fri, 20 Jan 2023 20:58:47 GMT --> GET /prs 304 117.070 ms
Fri, 20 Jan 2023 20:59:31 GMT --> GET /prs 304 112.246 ms
Fri, 20 Jan 2023 21:00:03 GMT --> GET /prs 304 152.428 ms
Fri, 20 Jan 2023 21:00:19 GMT --> GET /prs 304 113.355 ms
Fri, 20 Jan 2023 21:01:09 GMT --> GET /prs 304 111.802 ms
Fri, 20 Jan 2023 21:01:09 GMT --> GET /prs 304 113.527 ms
Fri, 20 Jan 2023 21:01:36 GMT --> GET /prs 304 112.058 ms
Fri, 20 Jan 2023 21:02:53 GMT --> GET /prs 304 122.518 ms
Fri, 20 Jan 2023 21:03:14 GMT --> GET /prs 304 117.284 ms
Fri, 20 Jan 2023 21:03:18 GMT --> GET /prs 304 113.237 ms
Fri, 20 Jan 2023 21:03:18 GMT --> GET /prs 304 241.071 ms
Fri, 20 Jan 2023 21:03:25 GMT --> GET /prs 304 111.998 ms
Fri, 20 Jan 2023 21:03:28 GMT --> GET /prs 304 112.451 ms
Fri, 20 Jan 2023 21:03:28 GMT --> GET /prs 304 113.498 ms
Fri, 20 Jan 2023 21:05:01 GMT --> GET /prs 304 111.144 ms
Fri, 20 Jan 2023 21:05:07 GMT --> GET /prs 304 115.632 ms
Fri, 20 Jan 2023 21:05:07 GMT --> GET /prs 304 115.885 ms
Fri, 20 Jan 2023 21:05:16 GMT --> GET /prs 304 112.751 ms
Fri, 20 Jan 2023 21:05:21 GMT --> GET /prs 304 113.396 ms
Fri, 20 Jan 2023 21:05:21 GMT --> GET /prs 304 113.137 ms
Fri, 20 Jan 2023 21:05:47 GMT --> GET /prs 304 111.616 ms
Fri, 20 Jan 2023 21:12:17 GMT --> GET /prs 304 112.247 ms
Fri, 20 Jan 2023 21:12:17 GMT --> GET /prs 304 112.929 ms
Fri, 20 Jan 2023 21:12:24 GMT --> GET /prs 304 111.356 ms
Fri, 20 Jan 2023 21:12:28 GMT --> GET /prs 304 111.709 ms
Fri, 20 Jan 2023 21:12:34 GMT --> GET /prs 304 112.480 ms
Fri, 20 Jan 2023 21:12:34 GMT --> GET /prs 304 113.310 ms
Fri, 20 Jan 2023 21:12:48 GMT --> GET /prs 304 114.601 ms
Fri, 20 Jan 2023 21:13:24 GMT --> GET /prs 304 119.784 ms
Fri, 20 Jan 2023 21:23:51 GMT --> GET /prs 304 118.821 ms
Fri, 20 Jan 2023 21:23:51 GMT --> GET /prs 304 133.918 ms
Fri, 20 Jan 2023 21:24:31 GMT --> GET /prs 304 111.791 ms
Fri, 20 Jan 2023 21:24:31 GMT --> GET /prs 304 112.399 ms
Fri, 20 Jan 2023 21:24:35 GMT --> GET /prs 304 518.799 ms
Fri, 20 Jan 2023 21:24:35 GMT --> GET /prs 304 112.326 ms
Fri, 20 Jan 2023 21:25:00 GMT --> GET /prs 304 111.436 ms
Fri, 20 Jan 2023 21:25:00 GMT --> GET /prs 304 112.391 ms
Fri, 20 Jan 2023 21:25:07 GMT --> GET /prs 304 112.091 ms
Fri, 20 Jan 2023 21:25:08 GMT --> GET /prs 304 114.993 ms
Fri, 20 Jan 2023 21:26:47 GMT --> GET /prs 304 132.260 ms
Fri, 20 Jan 2023 21:26:47 GMT --> GET /prs 304 124.489 ms
Fri, 20 Jan 2023 21:26:51 GMT --> GET /prs 304 111.801 ms
Fri, 20 Jan 2023 21:26:51 GMT --> GET /prs 304 111.884 ms
Fri, 20 Jan 2023 21:27:25 GMT --> GET /prs 304 112.805 ms
Fri, 20 Jan 2023 21:27:25 GMT --> GET /prs 304 116.296 ms
Fri, 20 Jan 2023 21:27:36 GMT --> GET /prs 304 111.939 ms
Fri, 20 Jan 2023 21:27:36 GMT --> GET /prs 304 112.475 ms
Fri, 20 Jan 2023 21:27:59 GMT --> GET /prs 304 131.675 ms
Fri, 20 Jan 2023 21:27:59 GMT --> GET /prs 304 111.783 ms
Fri, 20 Jan 2023 21:28:11 GMT --> GET /prs 304 122.405 ms
Fri, 20 Jan 2023 21:28:15 GMT --> GET /prs 304 113.266 ms
Fri, 20 Jan 2023 21:28:15 GMT --> GET /prs 304 111.711 ms
Fri, 20 Jan 2023 21:28:38 GMT --> GET /prs 304 112.605 ms
Fri, 20 Jan 2023 21:28:38 GMT --> GET /prs 304 113.013 ms
Fri, 20 Jan 2023 21:28:43 GMT --> GET /prs 304 113.305 ms
Fri, 20 Jan 2023 21:28:43 GMT --> GET /prs 304 114.189 ms
Fri, 20 Jan 2023 21:29:30 GMT --> GET /prs 304 112.498 ms
Fri, 20 Jan 2023 21:29:30 GMT --> GET /prs 304 111.568 ms
Fri, 20 Jan 2023 21:31:54 GMT --> GET /prs 304 111.914 ms
Fri, 20 Jan 2023 21:32:03 GMT --> GET /prs 304 115.721 ms
Fri, 20 Jan 2023 21:32:03 GMT --> GET /prs 304 111.878 ms
Fri, 20 Jan 2023 21:32:44 GMT --> GET /prs 304 111.453 ms
Fri, 20 Jan 2023 21:32:44 GMT --> GET /prs 304 112.993 ms
Fri, 20 Jan 2023 21:34:43 GMT --> GET /prs 304 112.133 ms
Fri, 20 Jan 2023 21:35:00 GMT --> GET /prs 304 111.521 ms
Fri, 20 Jan 2023 21:35:43 GMT --> GET /prs 304 113.715 ms
Fri, 20 Jan 2023 21:37:45 GMT --> GET /prs 304 112.303 ms
Fri, 20 Jan 2023 21:39:10 GMT --> GET /prs 304 111.908 ms
Fri, 20 Jan 2023 21:39:35 GMT --> GET /prs 304 118.708 ms
Fri, 20 Jan 2023 21:39:49 GMT --> GET /prs 304 113.706 ms
Fri, 20 Jan 2023 21:40:18 GMT --> GET /prs 304 115.913 ms
Fri, 20 Jan 2023 21:40:18 GMT --> GET /prs 304 113.494 ms
Fri, 20 Jan 2023 21:40:24 GMT --> GET /prs 304 120.888 ms
Fri, 20 Jan 2023 21:40:24 GMT --> GET /prs 304 114.351 ms
Fri, 20 Jan 2023 21:41:30 GMT --> GET /prs 304 112.040 ms
Fri, 20 Jan 2023 21:43:41 GMT --> GET /prs 304 111.419 ms
Fri, 20 Jan 2023 21:44:22 GMT --> GET /prs 304 113.265 ms
Fri, 20 Jan 2023 21:44:28 GMT --> GET /prs 304 132.094 ms
Fri, 20 Jan 2023 21:44:28 GMT --> GET /prs 304 122.410 ms
Fri, 20 Jan 2023 21:45:05 GMT --> GET /prs 304 112.907 ms
Fri, 20 Jan 2023 21:45:16 GMT --> GET /prs 304 111.424 ms
Fri, 20 Jan 2023 21:45:30 GMT --> GET /prs 304 130.901 ms
Fri, 20 Jan 2023 21:45:31 GMT --> GET /prs 304 115.966 ms
Fri, 20 Jan 2023 21:46:18 GMT --> GET /prs 304 113.955 ms
Fri, 20 Jan 2023 21:46:18 GMT --> GET /prs 304 111.960 ms
Fri, 20 Jan 2023 21:48:06 GMT --> GET /prs 304 112.479 ms
Fri, 20 Jan 2023 21:48:09 GMT --> GET /prs 304 112.086 ms
Fri, 20 Jan 2023 21:48:09 GMT --> GET /prs 304 111.685 ms
Fri, 20 Jan 2023 21:49:25 GMT --> GET /prs 304 111.042 ms
Fri, 20 Jan 2023 21:50:14 GMT --> GET /prs 304 118.433 ms
Fri, 20 Jan 2023 21:50:21 GMT --> GET /prs 304 112.590 ms
Fri, 20 Jan 2023 21:50:21 GMT --> GET /prs 304 112.610 ms
Fri, 20 Jan 2023 21:50:32 GMT --> GET /prs 304 141.927 ms
Fri, 20 Jan 2023 21:50:34 GMT --> GET /prs 304 111.810 ms
Fri, 20 Jan 2023 21:50:35 GMT --> GET /prs 304 114.758 ms
Fri, 20 Jan 2023 21:50:59 GMT --> GET /prs 304 111.720 ms
Fri, 20 Jan 2023 21:51:03 GMT --> GET /prs 304 112.539 ms
Fri, 20 Jan 2023 21:51:03 GMT --> GET /prs 304 111.879 ms
Fri, 20 Jan 2023 21:51:17 GMT --> GET /prs 304 135.099 ms
Fri, 20 Jan 2023 21:51:18 GMT --> GET /prs 304 112.263 ms
Fri, 20 Jan 2023 21:51:18 GMT --> GET /prs 304 112.136 ms
Fri, 20 Jan 2023 21:51:28 GMT --> GET /prs 304 112.292 ms
Fri, 20 Jan 2023 21:51:28 GMT --> GET /prs 304 115.117 ms
Fri, 20 Jan 2023 21:51:39 GMT --> GET /prs 304 112.375 ms
Fri, 20 Jan 2023 21:51:43 GMT --> GET /prs 304 111.595 ms
Fri, 20 Jan 2023 21:51:43 GMT --> GET /prs 304 111.595 ms
Fri, 20 Jan 2023 21:53:39 GMT --> GET /prs 304 111.410 ms
Fri, 20 Jan 2023 21:56:01 GMT --> POST /prs 200 329.498 ms
Fri, 20 Jan 2023 21:56:14 GMT --> GET /prs 200 120.052 ms
Fri, 20 Jan 2023 21:56:14 GMT --> GET /prs 304 118.636 ms
Sat, 21 Jan 2023 07:17:40 GMT --> GET /prs 200 204.533 ms
Sat, 21 Jan 2023 07:17:40 GMT --> GET /prs 304 146.250 ms
Sat, 21 Jan 2023 07:18:53 GMT --> GET /prs 304 115.775 ms
Sat, 21 Jan 2023 07:18:54 GMT --> GET /prs 304 115.372 ms
Sat, 21 Jan 2023 07:22:30 GMT --> GET /prs 304 116.215 ms
Sat, 21 Jan 2023 07:22:30 GMT --> GET /prs 304 113.769 ms
Sat, 21 Jan 2023 07:23:45 GMT --> GET /prs 304 115.746 ms
Sat, 21 Jan 2023 07:23:45 GMT --> GET /prs 304 113.419 ms
Sat, 21 Jan 2023 07:26:26 GMT --> GET /prs 304 113.587 ms
Sat, 21 Jan 2023 07:26:26 GMT --> GET /prs 304 113.965 ms
Sat, 21 Jan 2023 07:26:58 GMT --> GET /prs 304 112.761 ms
Sat, 21 Jan 2023 07:27:26 GMT --> GET /prs 304 114.548 ms
Sat, 21 Jan 2023 07:27:34 GMT --> GET /prs 304 113.943 ms
Sat, 21 Jan 2023 07:27:34 GMT --> GET /prs 304 112.730 ms
Sat, 21 Jan 2023 07:27:37 GMT --> GET /prs 304 113.210 ms
Sat, 21 Jan 2023 07:27:37 GMT --> GET /prs 304 112.411 ms
Sat, 21 Jan 2023 07:27:47 GMT --> GET /prs 304 181.038 ms
Sat, 21 Jan 2023 07:27:54 GMT --> GET /prs 304 112.253 ms
Sat, 21 Jan 2023 07:28:00 GMT --> GET /prs 304 113.431 ms
Sat, 21 Jan 2023 07:28:00 GMT --> GET /prs 304 113.178 ms
Sat, 21 Jan 2023 07:30:41 GMT --> GET /prs 304 113.199 ms
Sat, 21 Jan 2023 07:30:41 GMT --> GET /prs 304 112.331 ms
Sat, 21 Jan 2023 07:32:37 GMT --> GET /prs 304 115.589 ms
Sat, 21 Jan 2023 07:32:37 GMT --> GET /prs 304 115.081 ms
Sat, 21 Jan 2023 07:54:42 GMT --> GET /prs 304 209.110 ms
Sat, 21 Jan 2023 07:54:42 GMT --> GET /prs 304 135.225 ms
Sat, 21 Jan 2023 07:55:22 GMT --> GET /prs 304 113.570 ms
Sat, 21 Jan 2023 07:55:22 GMT --> GET /prs 304 112.825 ms
Sat, 21 Jan 2023 08:56:22 GMT --> GET /prs 304 133.863 ms
Sat, 21 Jan 2023 08:56:23 GMT --> GET /prs 304 113.812 ms
Sat, 21 Jan 2023 09:23:43 GMT --> GET /prs 200 216.155 ms
Sat, 21 Jan 2023 19:05:12 GMT --> GET /prs 200 149.331 ms
Sat, 21 Jan 2023 19:06:43 GMT --> PUT /prs/63c990f34e1dc01249000483 500 122.728 ms
Sat, 21 Jan 2023 20:06:55 GMT --> GET / 404 4.049 ms
Sat, 21 Jan 2023 20:07:32 GMT --> GET /prs 200 307.558 ms
Sat, 21 Jan 2023 20:09:28 GMT --> GET /prs 304 118.236 ms
Sat, 21 Jan 2023 20:09:33 GMT --> GET /prs 304 115.289 ms
Sat, 21 Jan 2023 20:09:37 GMT --> GET /prs 304 122.255 ms
Sat, 21 Jan 2023 20:11:57 GMT --> GET /prs 304 117.808 ms
Sat, 21 Jan 2023 20:12:41 GMT --> GET /prs 304 136.564 ms
Sat, 21 Jan 2023 20:12:44 GMT --> GET /prs 304 125.056 ms
Sat, 21 Jan 2023 20:12:46 GMT --> GET /prs 304 114.519 ms
Sat, 21 Jan 2023 20:17:36 GMT --> GET /prs 304 117.482 ms
Sat, 21 Jan 2023 20:17:54 GMT --> GET /prs 304 114.975 ms
Sat, 21 Jan 2023 20:18:16 GMT --> GET /prs 304 113.454 ms
Sat, 21 Jan 2023 20:18:51 GMT --> GET /prs 304 140.897 ms
Sat, 21 Jan 2023 20:18:53 GMT --> GET /prs 304 202.829 ms
Sat, 21 Jan 2023 20:19:04 GMT --> GET /prs 304 119.227 ms
Sat, 21 Jan 2023 20:19:15 GMT --> GET /prs 304 114.924 ms
Sat, 21 Jan 2023 20:19:16 GMT --> GET /prs 304 113.741 ms
Sat, 21 Jan 2023 20:19:19 GMT --> GET /prs 304 123.572 ms
Sat, 21 Jan 2023 20:21:39 GMT --> GET /prs 304 150.975 ms
Sat, 21 Jan 2023 20:21:53 GMT --> GET /prs 304 122.989 ms
Sat, 21 Jan 2023 20:21:56 GMT --> GET /prs 304 124.310 ms
Sat, 21 Jan 2023 20:22:20 GMT --> GET /prs 304 114.385 ms
Sat, 21 Jan 2023 20:22:21 GMT --> GET /prs 304 112.915 ms
Sat, 21 Jan 2023 20:22:23 GMT --> GET /prs 304 114.214 ms
Sat, 21 Jan 2023 20:23:03 GMT --> GET /prs 304 126.036 ms
Sat, 21 Jan 2023 20:23:56 GMT --> GET /prs 304 150.834 ms
Sat, 21 Jan 2023 20:24:17 GMT --> GET /prs 304 113.136 ms
Sat, 21 Jan 2023 20:24:21 GMT --> GET /prs 304 112.453 ms
Sat, 21 Jan 2023 20:24:32 GMT --> GET /prs 304 114.489 ms
Sat, 21 Jan 2023 20:25:31 GMT --> GET /prs 304 547.432 ms
Sat, 21 Jan 2023 20:25:33 GMT --> GET /prs 304 130.685 ms
Sat, 21 Jan 2023 20:27:32 GMT --> GET /prs 304 114.601 ms
Sat, 21 Jan 2023 20:35:35 GMT --> GET /prs 304 111.631 ms
Sat, 21 Jan 2023 20:36:28 GMT --> GET /prs 304 136.857 ms
Sat, 21 Jan 2023 20:36:33 GMT --> GET /prs 304 704.692 ms
Sat, 21 Jan 2023 20:54:59 GMT --> GET /prs 304 123.335 ms
Sat, 21 Jan 2023 20:55:15 GMT --> GET /prs 304 112.011 ms
Sat, 21 Jan 2023 21:00:46 GMT --> GET /prs 304 110.987 ms
Sat, 21 Jan 2023 21:01:13 GMT --> GET /prs 304 112.873 ms
Sat, 21 Jan 2023 21:01:15 GMT --> GET /prs 304 112.313 ms
Sat, 21 Jan 2023 21:01:39 GMT --> GET /prs 304 141.247 ms
Sat, 21 Jan 2023 21:04:26 GMT --> GET /prs 304 121.331 ms
Sat, 21 Jan 2023 21:04:29 GMT --> GET /prs 304 112.206 ms
Sat, 21 Jan 2023 21:05:29 GMT --> GET /prs 304 113.302 ms
Sat, 21 Jan 2023 21:05:39 GMT --> GET /prs 304 113.554 ms
Sat, 21 Jan 2023 21:06:38 GMT --> GET /prs 304 113.945 ms
Sat, 21 Jan 2023 21:06:44 GMT --> GET /prs 304 119.893 ms
Sat, 21 Jan 2023 21:07:26 GMT --> GET /prs 304 113.086 ms
Sat, 21 Jan 2023 21:07:39 GMT --> GET /prs 304 113.481 ms
Sat, 21 Jan 2023 21:09:06 GMT --> GET /prs 304 115.684 ms
Sat, 21 Jan 2023 21:09:20 GMT --> GET /prs 304 137.451 ms
Sat, 21 Jan 2023 21:09:24 GMT --> GET /prs 304 115.905 ms
Sat, 21 Jan 2023 21:11:19 GMT --> GET /prs 304 115.237 ms
Sat, 21 Jan 2023 21:11:37 GMT --> GET /prs 304 114.848 ms
Sat, 21 Jan 2023 21:12:03 GMT --> GET /prs 304 115.778 ms
Sat, 21 Jan 2023 21:23:22 GMT --> GET /prs 304 127.512 ms
Sat, 21 Jan 2023 21:23:28 GMT --> GET /prs 304 256.255 ms
Sat, 21 Jan 2023 21:24:21 GMT --> GET /prs 304 244.504 ms
Sat, 21 Jan 2023 21:24:24 GMT --> GET /prs 304 132.216 ms
Sat, 21 Jan 2023 21:24:44 GMT --> GET /prs 304 158.777 ms
Sat, 21 Jan 2023 21:25:25 GMT --> GET /prs 304 119.617 ms
Sat, 21 Jan 2023 21:25:42 GMT --> GET /prs 304 114.198 ms
Sat, 21 Jan 2023 21:26:41 GMT --> GET /prs 304 113.353 ms
Sat, 21 Jan 2023 21:30:17 GMT --> GET /prs 304 112.279 ms
Sat, 21 Jan 2023 21:30:29 GMT --> GET /prs 304 113.299 ms
Sat, 21 Jan 2023 21:30:34 GMT --> GET /prs 304 113.668 ms
Sat, 21 Jan 2023 21:32:49 GMT --> GET /prs 304 112.281 ms
Sat, 21 Jan 2023 21:36:38 GMT --> GET /prs 304 141.821 ms
Sat, 21 Jan 2023 21:37:51 GMT --> GET /prs 304 111.361 ms
Sat, 21 Jan 2023 21:37:55 GMT --> GET /prs 304 239.892 ms
Sat, 21 Jan 2023 21:38:23 GMT --> GET /prs 304 113.317 ms
Sat, 21 Jan 2023 21:38:26 GMT --> GET /prs 304 112.714 ms
Sat, 21 Jan 2023 21:38:53 GMT --> GET /prs 304 111.590 ms
Sat, 21 Jan 2023 21:47:17 GMT --> GET /prs 304 122.998 ms
Sat, 21 Jan 2023 21:47:20 GMT --> GET /prs 304 116.691 ms
Sat, 21 Jan 2023 21:47:36 GMT --> GET /prs 304 112.575 ms
Sat, 21 Jan 2023 21:47:39 GMT --> GET /prs 304 137.693 ms
Sat, 21 Jan 2023 21:47:44 GMT --> GET /prs 304 125.094 ms
Sat, 21 Jan 2023 21:49:39 GMT --> GET /prs 304 221.034 ms
Sat, 21 Jan 2023 21:51:38 GMT --> GET /prs 304 114.962 ms
Sat, 21 Jan 2023 21:54:40 GMT --> GET /prs 304 112.125 ms
Sat, 21 Jan 2023 21:54:52 GMT --> GET /prs 304 111.755 ms
Sat, 21 Jan 2023 21:55:19 GMT --> GET /prs 304 113.701 ms
Sat, 21 Jan 2023 21:55:27 GMT --> GET /prs 304 112.761 ms
Sat, 21 Jan 2023 21:57:50 GMT --> GET /prs 304 111.690 ms
Sat, 21 Jan 2023 21:58:07 GMT --> GET /prs 304 144.517 ms
Sat, 21 Jan 2023 21:58:11 GMT --> GET /prs 304 111.584 ms
Sat, 21 Jan 2023 21:59:19 GMT --> GET /prs 304 285.996 ms
Sat, 21 Jan 2023 21:59:29 GMT --> GET /prs 304 112.504 ms
Sat, 21 Jan 2023 21:59:54 GMT --> GET /prs 304 111.663 ms
Sat, 21 Jan 2023 22:02:56 GMT --> GET /prs 304 113.237 ms
Sat, 21 Jan 2023 22:17:43 GMT --> GET /prs 304 139.658 ms
Sat, 21 Jan 2023 22:18:13 GMT --> GET /prs 304 112.428 ms
Sat, 21 Jan 2023 22:18:15 GMT --> GET /prs 304 113.022 ms
Sat, 21 Jan 2023 22:18:21 GMT --> GET /prs 304 133.733 ms
Sat, 21 Jan 2023 22:19:22 GMT --> GET /prs 304 111.431 ms
Sat, 21 Jan 2023 22:19:34 GMT --> GET /prs 304 111.933 ms
Sat, 21 Jan 2023 22:20:04 GMT --> GET /prs 304 113.054 ms
Sat, 21 Jan 2023 22:20:06 GMT --> GET /prs 304 112.228 ms
Sat, 21 Jan 2023 22:20:09 GMT --> GET /prs 304 113.334 ms
Sat, 21 Jan 2023 22:21:03 GMT --> GET /prs 304 148.254 ms
Sat, 21 Jan 2023 22:22:04 GMT --> GET /prs 304 120.236 ms
Sat, 21 Jan 2023 22:22:06 GMT --> GET /prs 304 139.988 ms
Sat, 21 Jan 2023 22:22:08 GMT --> GET /prs 304 112.008 ms
Sat, 21 Jan 2023 22:22:46 GMT --> GET /prs 304 112.409 ms
Sat, 21 Jan 2023 22:25:44 GMT --> GET /prs 304 196.579 ms
Sat, 21 Jan 2023 22:33:13 GMT --> GET /prs 200 1432.980 ms
Sat, 21 Jan 2023 22:33:20 GMT --> GET /prs 304 138.147 ms
Sat, 21 Jan 2023 22:47:19 GMT --> GET /prs 304 125.955 ms
Sat, 21 Jan 2023 22:47:21 GMT --> GET /prs 304 116.496 ms
Sat, 21 Jan 2023 22:47:22 GMT --> GET /prs 304 112.251 ms
Sat, 21 Jan 2023 22:47:24 GMT --> GET /prs 304 112.002 ms
Sat, 21 Jan 2023 22:47:57 GMT --> GET /prs 304 522.441 ms
Sat, 21 Jan 2023 22:49:39 GMT --> GET /prs 304 112.881 ms
Sat, 21 Jan 2023 22:49:41 GMT --> GET /prs 304 116.927 ms
Sat, 21 Jan 2023 22:49:43 GMT --> GET /prs 304 116.204 ms
Sat, 21 Jan 2023 22:50:26 GMT --> GET /prs 304 111.375 ms
Sat, 21 Jan 2023 22:50:45 GMT --> GET /prs 304 116.061 ms
Sat, 21 Jan 2023 22:51:38 GMT --> GET /prs 304 113.884 ms
Sat, 21 Jan 2023 22:51:59 GMT --> GET /prs 304 113.661 ms
Sat, 21 Jan 2023 22:52:09 GMT --> GET /prs 304 117.385 ms
Sat, 21 Jan 2023 22:52:26 GMT --> GET /prs 304 112.435 ms
Sat, 21 Jan 2023 22:52:27 GMT --> GET /prs 304 114.094 ms
Sat, 21 Jan 2023 22:52:45 GMT --> GET /prs 304 113.019 ms
Sat, 21 Jan 2023 22:58:11 GMT --> GET /prs 304 114.820 ms
Sun, 22 Jan 2023 08:03:56 GMT --> GET /prs 200 139.041 ms
Sun, 22 Jan 2023 08:07:49 GMT --> GET /prs 200 115.248 ms
Sun, 22 Jan 2023 08:08:04 GMT --> GET /prs 304 116.033 ms
Sun, 22 Jan 2023 08:53:17 GMT --> GET /prs 304 234.952 ms
Sun, 22 Jan 2023 08:53:18 GMT --> GET /prs 304 140.522 ms
Sun, 22 Jan 2023 08:53:20 GMT --> GET /prs 304 119.862 ms
Sun, 22 Jan 2023 08:53:22 GMT --> GET /prs 304 113.521 ms
Sun, 22 Jan 2023 08:54:50 GMT --> GET /prs 304 128.486 ms
Sun, 22 Jan 2023 08:55:11 GMT --> GET /prs 304 114.926 ms
Sun, 22 Jan 2023 08:55:12 GMT --> GET /prs 304 113.358 ms
Sun, 22 Jan 2023 08:55:40 GMT --> GET /prs 304 115.131 ms
Sun, 22 Jan 2023 09:00:38 GMT --> GET /prs 304 158.475 ms
Sun, 22 Jan 2023 09:00:41 GMT --> GET /prs 304 116.944 ms
Sun, 22 Jan 2023 09:01:43 GMT --> GET /prs 304 120.708 ms
Sun, 22 Jan 2023 09:01:45 GMT --> GET /prs 304 118.718 ms
Sun, 22 Jan 2023 09:01:50 GMT --> GET /prs 304 124.785 ms
Sun, 22 Jan 2023 09:02:50 GMT --> GET /prs 304 116.449 ms
Sun, 22 Jan 2023 09:02:54 GMT --> GET /prs 304 238.168 ms
Sun, 22 Jan 2023 09:02:56 GMT --> GET /prs 304 122.897 ms
Sun, 22 Jan 2023 09:03:19 GMT --> GET /prs 304 113.641 ms
Sun, 22 Jan 2023 09:03:21 GMT --> GET /prs 304 118.639 ms
Sun, 22 Jan 2023 09:18:03 GMT --> GET /prs 304 146.400 ms
Sun, 22 Jan 2023 09:18:34 GMT --> GET /prs 304 144.838 ms
Sun, 22 Jan 2023 09:24:12 GMT --> GET /prs 304 112.772 ms
Sun, 22 Jan 2023 09:24:17 GMT --> GET /prs 304 142.729 ms
Sun, 22 Jan 2023 09:24:18 GMT --> GET /prs 304 222.145 ms
Sun, 22 Jan 2023 09:24:54 GMT --> GET /prs 304 112.363 ms
Sun, 22 Jan 2023 09:26:22 GMT --> GET /prs 304 204.039 ms
Sun, 22 Jan 2023 09:28:40 GMT --> GET /prs 304 112.321 ms
Sun, 22 Jan 2023 09:28:41 GMT --> GET /prs 304 466.471 ms
Sun, 22 Jan 2023 09:28:44 GMT --> GET /prs 304 113.280 ms
Sun, 22 Jan 2023 09:28:56 GMT --> GET /prs 304 114.458 ms
Sun, 22 Jan 2023 09:34:32 GMT --> GET /prs 304 125.300 ms
Sun, 22 Jan 2023 09:34:33 GMT --> GET /prs 304 113.460 ms
Sun, 22 Jan 2023 09:41:34 GMT --> GET /prs 304 125.459 ms
Sun, 22 Jan 2023 09:47:11 GMT --> GET /prs 304 118.887 ms
Sun, 22 Jan 2023 09:47:12 GMT --> GET /prs 304 113.064 ms
Sun, 22 Jan 2023 09:52:47 GMT --> GET /prs 304 113.554 ms
Sun, 22 Jan 2023 09:53:13 GMT --> GET /prs 304 112.950 ms
Sun, 22 Jan 2023 10:30:23 GMT --> GET /prs 304 156.387 ms
Sun, 22 Jan 2023 10:50:16 GMT --> GET /prs 304 849.694 ms
Sun, 22 Jan 2023 10:51:30 GMT --> GET /prs 304 114.682 ms
Sun, 22 Jan 2023 10:53:07 GMT --> GET /prs 304 498.379 ms
Sun, 22 Jan 2023 10:53:12 GMT --> GET /prs 304 115.923 ms
Sun, 22 Jan 2023 10:53:32 GMT --> GET /prs 304 767.796 ms
Sun, 22 Jan 2023 10:53:45 GMT --> GET /prs 304 275.031 ms
Sun, 22 Jan 2023 10:53:48 GMT --> GET /prs 304 111.956 ms
Sun, 22 Jan 2023 10:53:55 GMT --> GET /prs 304 112.393 ms
Sun, 22 Jan 2023 10:54:07 GMT --> GET /prs 304 113.285 ms
Sun, 22 Jan 2023 10:59:42 GMT --> GET /prs 304 173.662 ms
Sun, 22 Jan 2023 10:59:43 GMT --> GET /prs 304 116.291 ms
Sun, 22 Jan 2023 10:59:55 GMT --> GET /prs 304 141.237 ms
Sun, 22 Jan 2023 11:01:31 GMT --> GET /prs 304 112.617 ms
Sun, 22 Jan 2023 11:01:31 GMT --> GET /prs 304 120.630 ms
Sun, 22 Jan 2023 11:01:34 GMT --> GET /prs 304 117.036 ms
Sun, 22 Jan 2023 11:01:53 GMT --> GET /prs 304 113.365 ms
Sun, 22 Jan 2023 11:01:56 GMT --> GET /prs 304 113.915 ms
Sun, 22 Jan 2023 11:10:33 GMT --> GET /prs 304 139.064 ms
Sun, 22 Jan 2023 11:10:34 GMT --> GET /prs 304 114.041 ms
Sun, 22 Jan 2023 11:11:21 GMT --> GET /prs 304 120.818 ms
Sun, 22 Jan 2023 11:12:18 GMT --> GET /prs 304 267.496 ms
Sun, 22 Jan 2023 11:12:28 GMT --> GET /prs 304 245.062 ms
Sun, 22 Jan 2023 11:12:41 GMT --> GET /prs 304 120.522 ms
Sun, 22 Jan 2023 11:13:01 GMT --> GET /prs 304 113.680 ms
Sun, 22 Jan 2023 11:14:58 GMT --> GET /prs 304 124.101 ms
Sun, 22 Jan 2023 11:15:18 GMT --> GET /prs 304 115.987 ms
Sun, 22 Jan 2023 11:15:21 GMT --> GET /prs 304 237.893 ms
Sun, 22 Jan 2023 11:15:27 GMT --> GET /prs 304 114.512 ms
Sun, 22 Jan 2023 11:16:30 GMT --> GET /prs 304 116.285 ms
Sun, 22 Jan 2023 11:17:04 GMT --> GET /prs 304 113.227 ms
Sun, 22 Jan 2023 11:17:38 GMT --> GET /prs 304 113.082 ms
Sun, 22 Jan 2023 11:17:51 GMT --> GET /prs 304 115.843 ms
Sun, 22 Jan 2023 11:18:32 GMT --> GET /prs 304 115.949 ms
Sun, 22 Jan 2023 11:18:36 GMT --> GET /prs 304 112.643 ms
Sun, 22 Jan 2023 11:18:38 GMT --> GET /prs 304 113.445 ms
Sun, 22 Jan 2023 11:18:43 GMT --> GET /prs 304 125.399 ms
Sun, 22 Jan 2023 11:40:49 GMT --> GET /prs 304 113.830 ms
Sun, 22 Jan 2023 11:40:50 GMT --> GET /prs 304 113.607 ms
Sun, 22 Jan 2023 11:42:25 GMT --> GET /prs 304 258.311 ms
Sun, 22 Jan 2023 11:46:38 GMT --> GET /prs 304 154.529 ms
Sun, 22 Jan 2023 11:47:24 GMT --> GET /prs 304 112.203 ms
Sun, 22 Jan 2023 11:47:25 GMT --> GET /prs 304 113.438 ms
Sun, 22 Jan 2023 11:47:28 GMT --> GET /prs 304 112.530 ms
Sun, 22 Jan 2023 11:48:07 GMT --> GET /prs 304 114.808 ms
Sun, 22 Jan 2023 11:50:35 GMT --> GET /prs 304 122.016 ms
Sun, 22 Jan 2023 12:03:23 GMT --> GET /prs 304 119.292 ms
Sun, 22 Jan 2023 12:30:18 GMT --> GET /prs 304 142.998 ms
Sun, 22 Jan 2023 12:30:37 GMT --> GET /prs 304 113.577 ms
Sun, 22 Jan 2023 12:30:55 GMT --> GET /prs 304 111.913 ms
Sun, 22 Jan 2023 12:31:14 GMT --> GET /prs 304 118.208 ms
Sun, 22 Jan 2023 12:34:03 GMT --> GET /prs 304 113.634 ms
Sun, 22 Jan 2023 12:34:06 GMT --> GET /prs 304 114.512 ms
Sun, 22 Jan 2023 12:34:22 GMT --> GET /prs 304 278.528 ms
Sun, 22 Jan 2023 12:35:17 GMT --> GET /prs 304 124.167 ms
Sun, 22 Jan 2023 12:35:20 GMT --> GET /prs 304 130.112 ms
Sun, 22 Jan 2023 12:35:27 GMT --> GET /prs 304 115.420 ms
Sun, 22 Jan 2023 12:36:44 GMT --> GET /prs 304 113.593 ms
Sun, 22 Jan 2023 12:38:48 GMT --> GET /prs 304 144.771 ms
Sun, 22 Jan 2023 12:38:55 GMT --> GET /prs 304 125.006 ms
Sun, 22 Jan 2023 12:39:20 GMT --> GET /prs 304 253.001 ms
Sun, 22 Jan 2023 12:40:33 GMT --> GET /prs 304 138.318 ms
Sun, 22 Jan 2023 12:41:26 GMT --> GET /prs 304 119.722 ms
Sun, 22 Jan 2023 12:41:29 GMT --> GET /prs 304 193.677 ms
Sun, 22 Jan 2023 12:41:51 GMT --> GET /prs 304 117.391 ms
Sun, 22 Jan 2023 12:42:48 GMT --> GET /prs 304 118.194 ms
Sun, 22 Jan 2023 12:43:51 GMT --> GET /prs 304 112.874 ms
Sun, 22 Jan 2023 12:45:01 GMT --> GET /prs 304 120.757 ms
Sun, 22 Jan 2023 14:11:55 GMT --> GET /prs 304 167.262 ms
Sun, 22 Jan 2023 16:19:15 GMT --> GET /prs 304 148.521 ms
Sun, 22 Jan 2023 16:19:19 GMT --> GET /prs 304 137.209 ms
Sun, 22 Jan 2023 16:38:57 GMT --> GET /prs 304 152.464 ms
Sun, 22 Jan 2023 16:41:07 GMT --> GET /prs 304 161.387 ms
Sun, 22 Jan 2023 16:42:34 GMT --> GET /prs 304 144.109 ms
Sun, 22 Jan 2023 16:44:04 GMT --> GET /prs 304 139.834 ms
Sun, 22 Jan 2023 16:54:28 GMT --> GET /prs 304 141.950 ms
Sun, 22 Jan 2023 16:54:37 GMT --> GET /prs 304 136.543 ms
Sun, 22 Jan 2023 16:57:23 GMT --> GET /prs 304 160.454 ms
Sun, 22 Jan 2023 16:58:34 GMT --> GET /prs 304 172.476 ms
Sun, 22 Jan 2023 16:58:42 GMT --> GET /prs 304 168.704 ms
Sun, 22 Jan 2023 16:59:13 GMT --> GET /prs 304 155.781 ms
Sun, 22 Jan 2023 17:01:34 GMT --> GET /prs 304 152.410 ms
Sun, 22 Jan 2023 17:03:26 GMT --> GET /prs 304 141.600 ms
Sun, 22 Jan 2023 17:04:18 GMT --> GET /prs 304 137.824 ms
Sun, 22 Jan 2023 17:04:29 GMT --> GET /prs 304 134.398 ms
Sun, 22 Jan 2023 17:06:19 GMT --> GET /prs 304 137.565 ms
Sun, 22 Jan 2023 17:06:21 GMT --> GET /prs 304 135.608 ms
Sun, 22 Jan 2023 17:09:34 GMT --> GET /prs 304 145.397 ms
Sun, 22 Jan 2023 17:09:35 GMT --> GET /prs 304 168.484 ms
Sun, 22 Jan 2023 17:09:38 GMT --> GET /prs 304 137.824 ms
Sun, 22 Jan 2023 17:09:55 GMT --> GET /prs 304 151.943 ms
Sun, 22 Jan 2023 17:10:29 GMT --> GET /prs 304 147.797 ms
Sun, 22 Jan 2023 17:10:31 GMT --> GET /prs 304 135.701 ms
Sun, 22 Jan 2023 17:10:37 GMT --> GET /prs 304 143.248 ms
Sun, 22 Jan 2023 17:11:19 GMT --> GET /prs 304 132.587 ms
Sun, 22 Jan 2023 17:11:34 GMT --> GET /prs 304 146.694 ms
Sun, 22 Jan 2023 17:30:17 GMT --> GET /prs 304 775.055 ms
Sun, 22 Jan 2023 17:30:29 GMT --> GET /prs 304 113.270 ms
Sun, 22 Jan 2023 17:33:15 GMT --> GET /prs 304 145.026 ms
Sun, 22 Jan 2023 17:35:01 GMT --> GET /prs 304 114.985 ms
Sun, 22 Jan 2023 17:35:03 GMT --> GET /prs 304 115.628 ms
Sun, 22 Jan 2023 17:35:05 GMT --> GET /prs 304 120.779 ms
Sun, 22 Jan 2023 17:36:13 GMT --> GET /prs 304 114.320 ms
Sun, 22 Jan 2023 17:36:16 GMT --> GET /prs 304 115.496 ms
Sun, 22 Jan 2023 17:36:41 GMT --> GET /prs 304 115.656 ms
Sun, 22 Jan 2023 17:36:42 GMT --> GET /prs 304 117.515 ms
Sun, 22 Jan 2023 17:43:58 GMT --> GET /prs 304 114.847 ms
Sun, 22 Jan 2023 17:44:00 GMT --> GET /prs 304 120.364 ms
Sun, 22 Jan 2023 17:46:00 GMT --> GET /prs 304 116.837 ms
Sun, 22 Jan 2023 17:46:01 GMT --> GET /prs 304 175.651 ms
Sun, 22 Jan 2023 17:48:16 GMT --> GET /prs 304 115.483 ms
Sun, 22 Jan 2023 17:48:17 GMT --> GET /prs 304 118.425 ms
Sun, 22 Jan 2023 17:48:30 GMT --> GET /prs 304 133.001 ms
Sun, 22 Jan 2023 17:51:20 GMT --> GET /prs 304 118.646 ms
Sun, 22 Jan 2023 17:51:28 GMT --> GET /prs 304 115.340 ms
Sun, 22 Jan 2023 17:51:29 GMT --> GET /prs 304 113.760 ms
Sun, 22 Jan 2023 17:53:04 GMT --> GET /prs 304 113.989 ms
Sun, 22 Jan 2023 17:54:51 GMT --> GET /prs 304 114.275 ms
Sun, 22 Jan 2023 17:55:41 GMT --> GET /prs 304 114.675 ms
Sun, 22 Jan 2023 17:55:43 GMT --> GET /prs 304 113.469 ms
Sun, 22 Jan 2023 17:55:50 GMT --> GET /prs 304 112.951 ms
Sun, 22 Jan 2023 17:57:55 GMT --> GET /prs 304 113.794 ms
Sun, 22 Jan 2023 17:57:57 GMT --> GET /prs 304 116.540 ms
Sun, 22 Jan 2023 17:58:11 GMT --> GET /prs 304 114.234 ms
Sun, 22 Jan 2023 17:58:14 GMT --> GET /prs 304 114.145 ms
Sun, 22 Jan 2023 21:33:14 GMT --> GET /prs 304 2510.294 ms
Sun, 22 Jan 2023 21:33:23 GMT --> GET /prs 304 151.052 ms
Sun, 22 Jan 2023 21:33:29 GMT --> GET /prs 304 141.855 ms
Sun, 22 Jan 2023 21:33:30 GMT --> GET /prs 304 138.818 ms
Sun, 22 Jan 2023 21:33:34 GMT --> GET /prs 304 133.697 ms
Sun, 22 Jan 2023 21:33:42 GMT --> GET /prs 304 133.082 ms
Sun, 22 Jan 2023 21:38:43 GMT --> GET /prs 304 140.427 ms
Sun, 22 Jan 2023 21:38:45 GMT --> GET /prs 304 133.828 ms
Sun, 22 Jan 2023 21:38:46 GMT --> GET /prs 304 132.877 ms
Sun, 22 Jan 2023 21:38:51 GMT --> GET /prs 304 139.723 ms
Sun, 22 Jan 2023 21:39:34 GMT --> GET /prs 304 134.285 ms
Sun, 22 Jan 2023 21:40:26 GMT --> GET /prs 304 133.321 ms
Sun, 22 Jan 2023 21:40:27 GMT --> GET /prs 304 143.381 ms
Sun, 22 Jan 2023 21:40:35 GMT --> GET /prs 304 133.214 ms
Sun, 22 Jan 2023 21:40:44 GMT --> GET /prs 304 147.743 ms
Sun, 22 Jan 2023 21:41:04 GMT --> GET /prs 304 132.617 ms
Sun, 22 Jan 2023 21:41:05 GMT --> GET /prs 304 132.830 ms
Sun, 22 Jan 2023 21:41:19 GMT --> GET /prs 304 133.246 ms
Sun, 22 Jan 2023 21:42:29 GMT --> GET /prs 304 136.353 ms
Sun, 22 Jan 2023 21:42:32 GMT --> GET /prs 304 136.707 ms
Sun, 22 Jan 2023 21:45:15 GMT --> GET /prs 304 135.936 ms
Sun, 22 Jan 2023 21:45:29 GMT --> GET /prs 304 132.529 ms
Sun, 22 Jan 2023 21:46:08 GMT --> GET /prs 304 141.542 ms
Sun, 22 Jan 2023 21:46:11 GMT --> GET /prs 304 132.991 ms
Sun, 22 Jan 2023 21:46:33 GMT --> GET /prs 304 138.653 ms
Sun, 22 Jan 2023 21:46:42 GMT --> GET /prs 304 133.398 ms
Sun, 22 Jan 2023 21:46:51 GMT --> GET /prs 304 136.726 ms
Sun, 22 Jan 2023 21:47:25 GMT --> GET /prs 304 159.933 ms
Sun, 22 Jan 2023 21:47:27 GMT --> GET /prs 304 135.748 ms
Sun, 22 Jan 2023 21:47:33 GMT --> GET /prs 304 134.713 ms
Sun, 22 Jan 2023 21:57:15 GMT --> GET /prs 304 122.745 ms
Sun, 22 Jan 2023 21:57:17 GMT --> GET /prs 304 115.779 ms
Sun, 22 Jan 2023 21:58:07 GMT --> GET /prs 304 514.983 ms
Sun, 22 Jan 2023 21:58:49 GMT --> GET /prs 304 113.849 ms
Sun, 22 Jan 2023 21:59:55 GMT --> GET /prs 304 111.800 ms
Sun, 22 Jan 2023 22:04:48 GMT --> GET /prs 304 451.496 ms
Sun, 22 Jan 2023 22:04:52 GMT --> GET /prs 304 112.133 ms
Sun, 22 Jan 2023 22:04:53 GMT --> GET /prs 304 112.628 ms
Sun, 22 Jan 2023 22:06:23 GMT --> GET /prs 304 115.800 ms
Sun, 22 Jan 2023 22:09:30 GMT --> GET /prs 304 257.760 ms
Sun, 22 Jan 2023 22:09:48 GMT --> GET /prs 304 117.575 ms
Sun, 22 Jan 2023 22:11:20 GMT --> GET /prs 304 113.068 ms
Sun, 22 Jan 2023 22:11:21 GMT --> GET /prs 304 117.943 ms
Sun, 22 Jan 2023 22:12:28 GMT --> GET /prs 304 111.153 ms
Sun, 22 Jan 2023 22:13:30 GMT --> GET /prs 304 116.311 ms
Sun, 22 Jan 2023 22:13:40 GMT --> GET /prs 304 113.372 ms
Sun, 22 Jan 2023 22:13:42 GMT --> GET /prs 304 113.340 ms
Sun, 22 Jan 2023 22:15:04 GMT --> GET /prs 304 114.374 ms
Sun, 22 Jan 2023 22:15:27 GMT --> GET /prs 304 113.421 ms
Sun, 22 Jan 2023 22:16:25 GMT --> GET /prs 304 114.852 ms
Sun, 22 Jan 2023 22:17:51 GMT --> GET /prs 304 115.888 ms
Sun, 22 Jan 2023 22:17:55 GMT --> GET /prs 304 121.549 ms
Sun, 22 Jan 2023 22:18:51 GMT --> GET /prs 304 115.032 ms
Sun, 22 Jan 2023 22:21:04 GMT --> GET /prs 304 118.411 ms
Sun, 22 Jan 2023 22:21:06 GMT --> GET /prs 304 112.100 ms
Sun, 22 Jan 2023 22:21:07 GMT --> GET /prs 304 113.584 ms
Sun, 22 Jan 2023 22:21:56 GMT --> GET /prs - - ms
Sun, 22 Jan 2023 22:21:57 GMT --> GET /prs 200 278.437 ms
Sun, 22 Jan 2023 22:24:19 GMT --> GET /prs 304 123.316 ms
Sun, 22 Jan 2023 22:28:19 GMT --> GET /prs 304 176.697 ms
Sun, 22 Jan 2023 22:33:33 GMT --> GET /prs 304 111.382 ms
Sun, 22 Jan 2023 22:37:22 GMT --> GET /prs 304 113.901 ms
Sun, 22 Jan 2023 22:37:25 GMT --> GET /prs 304 114.734 ms
Sun, 22 Jan 2023 22:37:54 GMT --> GET /prs 304 114.147 ms
Sun, 22 Jan 2023 22:37:56 GMT --> GET /prs 304 113.730 ms
Sun, 22 Jan 2023 22:38:15 GMT --> GET /prs 304 111.892 ms
Sun, 22 Jan 2023 22:38:16 GMT --> GET /prs 304 113.066 ms
Mon, 23 Jan 2023 07:59:21 GMT --> GET /prs 304 243.334 ms
Mon, 23 Jan 2023 08:00:21 GMT --> GET /prs 304 136.733 ms
Mon, 23 Jan 2023 08:41:11 GMT --> GET /prs 304 190.038 ms
Mon, 23 Jan 2023 08:41:12 GMT --> GET /prs 304 143.576 ms
Mon, 23 Jan 2023 09:06:02 GMT --> GET /prs 304 126.559 ms
Mon, 23 Jan 2023 09:06:05 GMT --> GET /prs 304 112.932 ms
Mon, 23 Jan 2023 09:06:58 GMT --> GET /prs 304 118.303 ms
Mon, 23 Jan 2023 09:33:15 GMT --> GET /prs 304 735.563 ms
Mon, 23 Jan 2023 09:38:14 GMT --> GET /prs 304 152.344 ms
Mon, 23 Jan 2023 09:38:32 GMT --> GET /prs 304 119.438 ms
Mon, 23 Jan 2023 09:38:51 GMT --> GET /prs 304 112.405 ms
Mon, 23 Jan 2023 09:39:20 GMT --> GET /prs 304 115.464 ms
Mon, 23 Jan 2023 09:39:24 GMT --> GET /prs 304 115.822 ms
Mon, 23 Jan 2023 09:40:20 GMT --> GET /prs 304 114.603 ms
Mon, 23 Jan 2023 09:47:27 GMT --> GET /prs 304 132.605 ms
Mon, 23 Jan 2023 09:56:29 GMT --> GET /prs 304 207.006 ms
Mon, 23 Jan 2023 09:56:46 GMT --> GET /prs 304 215.267 ms
Mon, 23 Jan 2023 10:01:22 GMT --> GET /prs 304 119.502 ms
Mon, 23 Jan 2023 10:01:24 GMT --> GET /prs 304 123.829 ms
Mon, 23 Jan 2023 10:01:39 GMT --> GET /prs 304 115.753 ms
Mon, 23 Jan 2023 10:09:02 GMT --> OPTIONS /prs 204 10.038 ms
Mon, 23 Jan 2023 10:09:02 GMT --> OPTIONS /prs 204 2.038 ms
Mon, 23 Jan 2023 10:09:02 GMT --> POST /prs 400 44.313 ms
Mon, 23 Jan 2023 10:09:02 GMT --> POST /prs 400 1.865 ms
Mon, 23 Jan 2023 10:09:52 GMT --> GET /prs 304 177.945 ms
Mon, 23 Jan 2023 10:11:39 GMT --> GET /prs 304 112.859 ms
Mon, 23 Jan 2023 10:23:37 GMT --> GET /prs 304 133.109 ms
Mon, 23 Jan 2023 10:27:23 GMT --> GET /prs 304 201.946 ms
Mon, 23 Jan 2023 10:28:10 GMT --> GET /prs 304 415.744 ms
Mon, 23 Jan 2023 10:30:21 GMT --> GET /prs 304 115.528 ms
Mon, 23 Jan 2023 10:30:23 GMT --> GET /prs 304 126.157 ms
Mon, 23 Jan 2023 10:30:26 GMT --> GET /prs 304 132.114 ms
Mon, 23 Jan 2023 10:30:34 GMT --> GET /prs 304 120.600 ms
Mon, 23 Jan 2023 10:30:35 GMT --> GET /prs 304 117.289 ms
Mon, 23 Jan 2023 10:31:09 GMT --> GET /prs 304 370.491 ms
Mon, 23 Jan 2023 10:31:12 GMT --> GET /prs 304 274.206 ms
Mon, 23 Jan 2023 10:31:42 GMT --> OPTIONS /prs 204 21.037 ms
Mon, 23 Jan 2023 10:31:42 GMT --> POST /prs 500 234.957 ms
Mon, 23 Jan 2023 10:34:43 GMT --> GET /prs 304 117.024 ms
Mon, 23 Jan 2023 10:37:07 GMT --> GET /prs 304 114.164 ms
Mon, 23 Jan 2023 10:43:47 GMT --> GET /prs 304 113.617 ms
Mon, 23 Jan 2023 10:43:49 GMT --> GET /prs 304 114.980 ms
Mon, 23 Jan 2023 10:43:51 GMT --> GET /prs 304 114.963 ms
Mon, 23 Jan 2023 10:45:26 GMT --> GET /prs 304 113.295 ms
Mon, 23 Jan 2023 10:45:43 GMT --> GET /prs 304 523.590 ms
Mon, 23 Jan 2023 10:48:13 GMT --> GET /prs 304 170.734 ms
Mon, 23 Jan 2023 10:48:17 GMT --> GET /prs 304 126.448 ms
Mon, 23 Jan 2023 10:48:19 GMT --> GET /prs 200 272.810 ms
Mon, 23 Jan 2023 10:48:31 GMT --> OPTIONS /prs 204 19.138 ms
Mon, 23 Jan 2023 10:48:31 GMT --> POST /prs 500 243.930 ms
Mon, 23 Jan 2023 10:52:22 GMT --> GET /prs 304 112.069 ms
Mon, 23 Jan 2023 10:52:27 GMT --> GET /prs 304 472.497 ms
Mon, 23 Jan 2023 10:52:30 GMT --> GET /prs 304 111.285 ms
Mon, 23 Jan 2023 10:52:44 GMT --> OPTIONS /prs 204 0.128 ms
Mon, 23 Jan 2023 10:52:45 GMT --> POST /prs 500 549.860 ms
Mon, 23 Jan 2023 10:57:33 GMT --> GET /prs 304 130.636 ms
Mon, 23 Jan 2023 10:57:47 GMT --> GET /prs 304 137.354 ms
Mon, 23 Jan 2023 10:57:49 GMT --> GET /prs 304 118.234 ms
Mon, 23 Jan 2023 10:58:02 GMT --> OPTIONS /prs 204 0.706 ms
Mon, 23 Jan 2023 10:58:03 GMT --> POST /prs 200 274.055 ms
Mon, 23 Jan 2023 10:58:19 GMT --> GET /prs 200 114.351 ms
Mon, 23 Jan 2023 10:58:20 GMT --> GET /prs 304 112.625 ms
Mon, 23 Jan 2023 10:58:43 GMT --> GET /prs 304 114.820 ms
